<component name="libraryTable">
  <library name="junit-platform-console-standalone-1.7.0">
    <CLASSES>
      <root url="jar://$USER_HOME$/Disk Google/PODNIKANI/odberatele/engeto/java_academy/lekce/6_testovani/priklady/testovani/jar/junit-platform-console-standalone-1.7.0.jar!/" />
    </CLASSES>
    <JAVADOC />
    <SOURCES />
  </library>
</component>